<?xml version="1.0" encoding="UTF-8"?>
<testsuite xmlns:xsi="http://www.w3.org/2001/XMLSchema-instance" xsi:noNamespaceSchemaLocation="https://maven.apache.org/surefire/maven-surefire-plugin/xsd/surefire-test-report-3.0.xsd" version="3.0" name="com.duplicatedetector.scanner.ProjectScannerTest" time="0.016" tests="8" errors="0" skipped="0" failures="0">
  <properties>
    <property name="java.specification.version" value="24"/>
    <property name="sun.jnu.encoding" value="UTF-8"/>
    <property name="java.class.path" value="/Users/luke/java-duplicate-detector/target/test-classes:/Users/luke/java-duplicate-detector/target/classes:/Users/luke/.m2/repository/com/github/javaparser/javaparser-core/3.25.5/javaparser-core-3.25.5.jar:/Users/luke/.m2/repository/commons-io/commons-io/2.11.0/commons-io-2.11.0.jar:/Users/luke/.m2/repository/org/apache/commons/commons-lang3/3.12.0/commons-lang3-3.12.0.jar:/Users/luke/.m2/repository/org/junit/jupiter/junit-jupiter/5.9.2/junit-jupiter-5.9.2.jar:/Users/luke/.m2/repository/org/junit/jupiter/junit-jupiter-api/5.9.2/junit-jupiter-api-5.9.2.jar:/Users/luke/.m2/repository/org/opentest4j/opentest4j/1.2.0/opentest4j-1.2.0.jar:/Users/luke/.m2/repository/org/junit/platform/junit-platform-commons/1.9.2/junit-platform-commons-1.9.2.jar:/Users/luke/.m2/repository/org/apiguardian/apiguardian-api/1.1.2/apiguardian-api-1.1.2.jar:/Users/luke/.m2/repository/org/junit/jupiter/junit-jupiter-params/5.9.2/junit-jupiter-params-5.9.2.jar:/Users/luke/.m2/repository/org/junit/jupiter/junit-jupiter-engine/5.9.2/junit-jupiter-engine-5.9.2.jar:/Users/luke/.m2/repository/org/junit/platform/junit-platform-engine/1.9.2/junit-platform-engine-1.9.2.jar:/Users/luke/.m2/repository/org/slf4j/slf4j-api/2.0.7/slf4j-api-2.0.7.jar:/Users/luke/.m2/repository/ch/qos/logback/logback-classic/1.4.7/logback-classic-1.4.7.jar:/Users/luke/.m2/repository/ch/qos/logback/logback-core/1.4.7/logback-core-1.4.7.jar:"/>
    <property name="java.vm.vendor" value="Homebrew"/>
    <property name="sun.arch.data.model" value="64"/>
    <property name="java.vendor.url" value="https://github.com/Homebrew/homebrew-core/issues"/>
    <property name="user.timezone" value="America/New_York"/>
    <property name="os.name" value="Mac OS X"/>
    <property name="java.vm.specification.version" value="24"/>
    <property name="sun.java.launcher" value="SUN_STANDARD"/>
    <property name="user.country" value="US"/>
    <property name="sun.boot.library.path" value="/opt/homebrew/Cellar/openjdk/24.0.1/libexec/openjdk.jdk/Contents/Home/lib"/>
    <property name="sun.java.command" value="/Users/luke/java-duplicate-detector/target/surefire/surefirebooter-20250810135616591_3.jar /Users/luke/java-duplicate-detector/target/surefire 2025-08-10T13-56-16_550-jvmRun1 surefire-20250810135616591_1tmp surefire_0-20250810135616591_2tmp"/>
    <property name="http.nonProxyHosts" value="local|*.local|169.254/16|*.169.254/16"/>
    <property name="jdk.debug" value="release"/>
    <property name="surefire.test.class.path" value="/Users/luke/java-duplicate-detector/target/test-classes:/Users/luke/java-duplicate-detector/target/classes:/Users/luke/.m2/repository/com/github/javaparser/javaparser-core/3.25.5/javaparser-core-3.25.5.jar:/Users/luke/.m2/repository/commons-io/commons-io/2.11.0/commons-io-2.11.0.jar:/Users/luke/.m2/repository/org/apache/commons/commons-lang3/3.12.0/commons-lang3-3.12.0.jar:/Users/luke/.m2/repository/org/junit/jupiter/junit-jupiter/5.9.2/junit-jupiter-5.9.2.jar:/Users/luke/.m2/repository/org/junit/jupiter/junit-jupiter-api/5.9.2/junit-jupiter-api-5.9.2.jar:/Users/luke/.m2/repository/org/opentest4j/opentest4j/1.2.0/opentest4j-1.2.0.jar:/Users/luke/.m2/repository/org/junit/platform/junit-platform-commons/1.9.2/junit-platform-commons-1.9.2.jar:/Users/luke/.m2/repository/org/apiguardian/apiguardian-api/1.1.2/apiguardian-api-1.1.2.jar:/Users/luke/.m2/repository/org/junit/jupiter/junit-jupiter-params/5.9.2/junit-jupiter-params-5.9.2.jar:/Users/luke/.m2/repository/org/junit/jupiter/junit-jupiter-engine/5.9.2/junit-jupiter-engine-5.9.2.jar:/Users/luke/.m2/repository/org/junit/platform/junit-platform-engine/1.9.2/junit-platform-engine-1.9.2.jar:/Users/luke/.m2/repository/org/slf4j/slf4j-api/2.0.7/slf4j-api-2.0.7.jar:/Users/luke/.m2/repository/ch/qos/logback/logback-classic/1.4.7/logback-classic-1.4.7.jar:/Users/luke/.m2/repository/ch/qos/logback/logback-core/1.4.7/logback-core-1.4.7.jar:"/>
    <property name="sun.cpu.endian" value="little"/>
    <property name="user.home" value="/Users/luke"/>
    <property name="user.language" value="en"/>
    <property name="java.specification.vendor" value="Oracle Corporation"/>
    <property name="java.version.date" value="2025-04-15"/>
    <property name="java.home" value="/opt/homebrew/Cellar/openjdk/24.0.1/libexec/openjdk.jdk/Contents/Home"/>
    <property name="file.separator" value="/"/>
    <property name="basedir" value="/Users/luke/java-duplicate-detector"/>
    <property name="java.vm.compressedOopsMode" value="Zero based"/>
    <property name="line.separator" value="&#10;"/>
    <property name="java.vm.specification.vendor" value="Oracle Corporation"/>
    <property name="java.specification.name" value="Java Platform API Specification"/>
    <property name="apple.awt.application.name" value="ForkedBooter"/>
    <property name="surefire.real.class.path" value="/Users/luke/java-duplicate-detector/target/surefire/surefirebooter-20250810135616591_3.jar"/>
    <property name="sun.management.compiler" value="HotSpot 64-Bit Tiered Compilers"/>
    <property name="ftp.nonProxyHosts" value="local|*.local|169.254/16|*.169.254/16"/>
    <property name="java.runtime.version" value="24.0.1"/>
    <property name="user.name" value="luke"/>
    <property name="stdout.encoding" value="UTF-8"/>
    <property name="path.separator" value=":"/>
    <property name="os.version" value="15.6"/>
    <property name="java.runtime.name" value="OpenJDK Runtime Environment"/>
    <property name="file.encoding" value="UTF-8"/>
    <property name="java.vm.name" value="OpenJDK 64-Bit Server VM"/>
    <property name="java.vendor.version" value="Homebrew"/>
    <property name="localRepository" value="/Users/luke/.m2/repository"/>
    <property name="java.vendor.url.bug" value="https://github.com/Homebrew/homebrew-core/issues"/>
    <property name="java.io.tmpdir" value="/var/folders/10/m5m_cm591fldw6458plrhgw00000gp/T/"/>
    <property name="java.version" value="24.0.1"/>
    <property name="user.dir" value="/Users/luke/java-duplicate-detector"/>
    <property name="os.arch" value="aarch64"/>
    <property name="java.vm.specification.name" value="Java Virtual Machine Specification"/>
    <property name="native.encoding" value="UTF-8"/>
    <property name="java.library.path" value="/Users/luke/Library/Java/Extensions:/Library/Java/Extensions:/Network/Library/Java/Extensions:/System/Library/Java/Extensions:/usr/lib/java:."/>
    <property name="java.vm.info" value="mixed mode, sharing"/>
    <property name="stderr.encoding" value="UTF-8"/>
    <property name="java.vendor" value="Homebrew"/>
    <property name="java.vm.version" value="24.0.1"/>
    <property name="sun.io.unicode.encoding" value="UnicodeBig"/>
    <property name="socksNonProxyHosts" value="local|*.local|169.254/16|*.169.254/16"/>
    <property name="java.class.version" value="68.0"/>
  </properties>
  <testcase name="testGetTotalLinesOfCodeWithEmptyList" classname="com.duplicatedetector.scanner.ProjectScannerTest" time="0"/>
  <testcase name="testScanProjectWithFileInsteadOfDirectory(Path)" classname="com.duplicatedetector.scanner.ProjectScannerTest" time="0.002"/>
  <testcase name="testGetTotalLinesOfCode(Path)" classname="com.duplicatedetector.scanner.ProjectScannerTest" time="0.002">
    <system-out><![CDATA[13:56:17.081 [main] DEBUG c.d.scanner.ProjectScanner - File /var/folders/10/m5m_cm591fldw6458plrhgw00000gp/T/junit18049698930442416994/TestClass1.java has 5 lines
13:56:17.081 [main] DEBUG c.d.scanner.ProjectScanner - File /var/folders/10/m5m_cm591fldw6458plrhgw00000gp/T/junit18049698930442416994/TestClass2.java has 5 lines
]]></system-out>
  </testcase>
  <testcase name="testScanProjectWithNoJavaFiles(Path)" classname="com.duplicatedetector.scanner.ProjectScannerTest" time="0.002">
    <system-out><![CDATA[13:56:17.083 [main] INFO  c.d.scanner.ProjectScanner - Scanning project directory: /var/folders/10/m5m_cm591fldw6458plrhgw00000gp/T/junit2894348148369280019
13:56:17.084 [main] INFO  c.d.scanner.ProjectScanner - Found 0 Java files in project
]]></system-out>
  </testcase>
  <testcase name="testScanProjectWithNestedDirectories(Path)" classname="com.duplicatedetector.scanner.ProjectScannerTest" time="0.004">
    <system-out><![CDATA[13:56:17.086 [main] INFO  c.d.scanner.ProjectScanner - Scanning project directory: /var/folders/10/m5m_cm591fldw6458plrhgw00000gp/T/junit18007363347972760629
13:56:17.086 [main] DEBUG c.d.scanner.ProjectScanner - Found Java file: /var/folders/10/m5m_cm591fldw6458plrhgw00000gp/T/junit18007363347972760629/src/main/java/TestClass1.java
13:56:17.086 [main] DEBUG c.d.scanner.ProjectScanner - Found Java file: /var/folders/10/m5m_cm591fldw6458plrhgw00000gp/T/junit18007363347972760629/src/main/java/com/test/TestClass2.java
13:56:17.086 [main] INFO  c.d.scanner.ProjectScanner - Found 2 Java files in project
]]></system-out>
  </testcase>
  <testcase name="testScanProjectWithNonExistentPath" classname="com.duplicatedetector.scanner.ProjectScannerTest" time="0.001"/>
  <testcase name="testScanProjectExcludesBuildDirectories(Path)" classname="com.duplicatedetector.scanner.ProjectScannerTest" time="0.002">
    <system-out><![CDATA[13:56:17.090 [main] INFO  c.d.scanner.ProjectScanner - Scanning project directory: /var/folders/10/m5m_cm591fldw6458plrhgw00000gp/T/junit17612104533658976158
13:56:17.090 [main] DEBUG c.d.scanner.ProjectScanner - Excluding directory: /var/folders/10/m5m_cm591fldw6458plrhgw00000gp/T/junit17612104533658976158/target
13:56:17.090 [main] DEBUG c.d.scanner.ProjectScanner - Excluding directory: /var/folders/10/m5m_cm591fldw6458plrhgw00000gp/T/junit17612104533658976158/build
13:56:17.090 [main] DEBUG c.d.scanner.ProjectScanner - Found Java file: /var/folders/10/m5m_cm591fldw6458plrhgw00000gp/T/junit17612104533658976158/src/TestClass.java
13:56:17.090 [main] INFO  c.d.scanner.ProjectScanner - Found 1 Java files in project
]]></system-out>
  </testcase>
  <testcase name="testScanProjectWithValidDirectory(Path)" classname="com.duplicatedetector.scanner.ProjectScannerTest" time="0.002">
    <system-out><![CDATA[13:56:17.092 [main] INFO  c.d.scanner.ProjectScanner - Scanning project directory: /var/folders/10/m5m_cm591fldw6458plrhgw00000gp/T/junit4056698243416654290
13:56:17.092 [main] DEBUG c.d.scanner.ProjectScanner - Found Java file: /var/folders/10/m5m_cm591fldw6458plrhgw00000gp/T/junit4056698243416654290/src/TestClass1.java
13:56:17.092 [main] DEBUG c.d.scanner.ProjectScanner - Found Java file: /var/folders/10/m5m_cm591fldw6458plrhgw00000gp/T/junit4056698243416654290/src/TestClass2.java
13:56:17.092 [main] INFO  c.d.scanner.ProjectScanner - Found 2 Java files in project
]]></system-out>
  </testcase>
</testsuite>