<?xml version="1.0" encoding="UTF-8"?>
<testsuite xmlns:xsi="http://www.w3.org/2001/XMLSchema-instance" xsi:noNamespaceSchemaLocation="https://maven.apache.org/surefire/maven-surefire-plugin/xsd/surefire-test-report-3.0.xsd" version="3.0" name="com.duplicatedetector.similarity.SimilarityDetectorTest" time="0.128" tests="10" errors="0" skipped="0" failures="0">
  <properties>
    <property name="java.specification.version" value="24"/>
    <property name="sun.jnu.encoding" value="UTF-8"/>
    <property name="java.class.path" value="/Users/luke/java-duplicate-detector/target/test-classes:/Users/luke/java-duplicate-detector/target/classes:/Users/luke/.m2/repository/com/github/javaparser/javaparser-core/3.25.5/javaparser-core-3.25.5.jar:/Users/luke/.m2/repository/commons-io/commons-io/2.11.0/commons-io-2.11.0.jar:/Users/luke/.m2/repository/org/apache/commons/commons-lang3/3.12.0/commons-lang3-3.12.0.jar:/Users/luke/.m2/repository/org/junit/jupiter/junit-jupiter/5.9.2/junit-jupiter-5.9.2.jar:/Users/luke/.m2/repository/org/junit/jupiter/junit-jupiter-api/5.9.2/junit-jupiter-api-5.9.2.jar:/Users/luke/.m2/repository/org/opentest4j/opentest4j/1.2.0/opentest4j-1.2.0.jar:/Users/luke/.m2/repository/org/junit/platform/junit-platform-commons/1.9.2/junit-platform-commons-1.9.2.jar:/Users/luke/.m2/repository/org/apiguardian/apiguardian-api/1.1.2/apiguardian-api-1.1.2.jar:/Users/luke/.m2/repository/org/junit/jupiter/junit-jupiter-params/5.9.2/junit-jupiter-params-5.9.2.jar:/Users/luke/.m2/repository/org/junit/jupiter/junit-jupiter-engine/5.9.2/junit-jupiter-engine-5.9.2.jar:/Users/luke/.m2/repository/org/junit/platform/junit-platform-engine/1.9.2/junit-platform-engine-1.9.2.jar:/Users/luke/.m2/repository/org/slf4j/slf4j-api/2.0.7/slf4j-api-2.0.7.jar:/Users/luke/.m2/repository/ch/qos/logback/logback-classic/1.4.7/logback-classic-1.4.7.jar:/Users/luke/.m2/repository/ch/qos/logback/logback-core/1.4.7/logback-core-1.4.7.jar:"/>
    <property name="java.vm.vendor" value="Homebrew"/>
    <property name="sun.arch.data.model" value="64"/>
    <property name="java.vendor.url" value="https://github.com/Homebrew/homebrew-core/issues"/>
    <property name="user.timezone" value="America/New_York"/>
    <property name="os.name" value="Mac OS X"/>
    <property name="java.vm.specification.version" value="24"/>
    <property name="sun.java.launcher" value="SUN_STANDARD"/>
    <property name="user.country" value="US"/>
    <property name="sun.boot.library.path" value="/opt/homebrew/Cellar/openjdk/24.0.1/libexec/openjdk.jdk/Contents/Home/lib"/>
    <property name="sun.java.command" value="/Users/luke/java-duplicate-detector/target/surefire/surefirebooter-20250810135616591_3.jar /Users/luke/java-duplicate-detector/target/surefire 2025-08-10T13-56-16_550-jvmRun1 surefire-20250810135616591_1tmp surefire_0-20250810135616591_2tmp"/>
    <property name="http.nonProxyHosts" value="local|*.local|169.254/16|*.169.254/16"/>
    <property name="jdk.debug" value="release"/>
    <property name="surefire.test.class.path" value="/Users/luke/java-duplicate-detector/target/test-classes:/Users/luke/java-duplicate-detector/target/classes:/Users/luke/.m2/repository/com/github/javaparser/javaparser-core/3.25.5/javaparser-core-3.25.5.jar:/Users/luke/.m2/repository/commons-io/commons-io/2.11.0/commons-io-2.11.0.jar:/Users/luke/.m2/repository/org/apache/commons/commons-lang3/3.12.0/commons-lang3-3.12.0.jar:/Users/luke/.m2/repository/org/junit/jupiter/junit-jupiter/5.9.2/junit-jupiter-5.9.2.jar:/Users/luke/.m2/repository/org/junit/jupiter/junit-jupiter-api/5.9.2/junit-jupiter-api-5.9.2.jar:/Users/luke/.m2/repository/org/opentest4j/opentest4j/1.2.0/opentest4j-1.2.0.jar:/Users/luke/.m2/repository/org/junit/platform/junit-platform-commons/1.9.2/junit-platform-commons-1.9.2.jar:/Users/luke/.m2/repository/org/apiguardian/apiguardian-api/1.1.2/apiguardian-api-1.1.2.jar:/Users/luke/.m2/repository/org/junit/jupiter/junit-jupiter-params/5.9.2/junit-jupiter-params-5.9.2.jar:/Users/luke/.m2/repository/org/junit/jupiter/junit-jupiter-engine/5.9.2/junit-jupiter-engine-5.9.2.jar:/Users/luke/.m2/repository/org/junit/platform/junit-platform-engine/1.9.2/junit-platform-engine-1.9.2.jar:/Users/luke/.m2/repository/org/slf4j/slf4j-api/2.0.7/slf4j-api-2.0.7.jar:/Users/luke/.m2/repository/ch/qos/logback/logback-classic/1.4.7/logback-classic-1.4.7.jar:/Users/luke/.m2/repository/ch/qos/logback/logback-core/1.4.7/logback-core-1.4.7.jar:"/>
    <property name="sun.cpu.endian" value="little"/>
    <property name="user.home" value="/Users/luke"/>
    <property name="user.language" value="en"/>
    <property name="java.specification.vendor" value="Oracle Corporation"/>
    <property name="java.version.date" value="2025-04-15"/>
    <property name="java.home" value="/opt/homebrew/Cellar/openjdk/24.0.1/libexec/openjdk.jdk/Contents/Home"/>
    <property name="file.separator" value="/"/>
    <property name="basedir" value="/Users/luke/java-duplicate-detector"/>
    <property name="java.vm.compressedOopsMode" value="Zero based"/>
    <property name="line.separator" value="&#10;"/>
    <property name="java.vm.specification.vendor" value="Oracle Corporation"/>
    <property name="java.specification.name" value="Java Platform API Specification"/>
    <property name="apple.awt.application.name" value="ForkedBooter"/>
    <property name="surefire.real.class.path" value="/Users/luke/java-duplicate-detector/target/surefire/surefirebooter-20250810135616591_3.jar"/>
    <property name="sun.management.compiler" value="HotSpot 64-Bit Tiered Compilers"/>
    <property name="ftp.nonProxyHosts" value="local|*.local|169.254/16|*.169.254/16"/>
    <property name="java.runtime.version" value="24.0.1"/>
    <property name="user.name" value="luke"/>
    <property name="stdout.encoding" value="UTF-8"/>
    <property name="path.separator" value=":"/>
    <property name="os.version" value="15.6"/>
    <property name="java.runtime.name" value="OpenJDK Runtime Environment"/>
    <property name="file.encoding" value="UTF-8"/>
    <property name="java.vm.name" value="OpenJDK 64-Bit Server VM"/>
    <property name="java.vendor.version" value="Homebrew"/>
    <property name="localRepository" value="/Users/luke/.m2/repository"/>
    <property name="java.vendor.url.bug" value="https://github.com/Homebrew/homebrew-core/issues"/>
    <property name="java.io.tmpdir" value="/var/folders/10/m5m_cm591fldw6458plrhgw00000gp/T/"/>
    <property name="java.version" value="24.0.1"/>
    <property name="user.dir" value="/Users/luke/java-duplicate-detector"/>
    <property name="os.arch" value="aarch64"/>
    <property name="java.vm.specification.name" value="Java Virtual Machine Specification"/>
    <property name="native.encoding" value="UTF-8"/>
    <property name="java.library.path" value="/Users/luke/Library/Java/Extensions:/Library/Java/Extensions:/Network/Library/Java/Extensions:/System/Library/Java/Extensions:/usr/lib/java:."/>
    <property name="java.vm.info" value="mixed mode, sharing"/>
    <property name="stderr.encoding" value="UTF-8"/>
    <property name="java.vendor" value="Homebrew"/>
    <property name="java.vm.version" value="24.0.1"/>
    <property name="sun.io.unicode.encoding" value="UnicodeBig"/>
    <property name="socksNonProxyHosts" value="local|*.local|169.254/16|*.169.254/16"/>
    <property name="java.class.version" value="68.0"/>
  </properties>
  <testcase name="testFindSimilarMethodsWithSingleMethod" classname="com.duplicatedetector.similarity.SimilarityDetectorTest" time="0.1">
    <system-out><![CDATA[13:56:16.920 [main] INFO  c.d.similarity.SimilarityDetector - Finding similar methods with threshold: 0.7
13:56:16.922 [main] INFO  c.d.similarity.SimilarityDetector - Analyzing 1 methods (filtered from 1 total)
13:56:16.922 [main] INFO  c.d.similarity.SimilarityDetector - Found 0 duplicate groups
]]></system-out>
  </testcase>
  <testcase name="testFindSimilarMethodsWithLowThreshold" classname="com.duplicatedetector.similarity.SimilarityDetectorTest" time="0.005">
    <system-out><![CDATA[13:56:16.925 [main] INFO  c.d.similarity.SimilarityDetector - Finding similar methods with threshold: 0.3
13:56:16.925 [main] INFO  c.d.similarity.SimilarityDetector - Analyzing 2 methods (filtered from 2 total)
13:56:16.927 [main] DEBUG c.d.similarity.SimilarityDetector - Found similar methods: method1 and method2 (similarity: 0.6778378378378378)
13:56:16.930 [main] INFO  c.d.similarity.SimilarityDetector - Created duplicate group with 2 methods (similarity: 0.6778378378378378)
13:56:16.930 [main] INFO  c.d.similarity.SimilarityDetector - Found 1 duplicate groups
]]></system-out>
  </testcase>
  <testcase name="testFindSimilarMethodsWithEmptyList" classname="com.duplicatedetector.similarity.SimilarityDetectorTest" time="0.001">
    <system-out><![CDATA[13:56:16.931 [main] INFO  c.d.similarity.SimilarityDetector - Finding similar methods with threshold: 0.7
13:56:16.932 [main] INFO  c.d.similarity.SimilarityDetector - Analyzing 0 methods (filtered from 0 total)
13:56:16.932 [main] INFO  c.d.similarity.SimilarityDetector - Found 0 duplicate groups
]]></system-out>
  </testcase>
  <testcase name="testFindSimilarMethodsWithHighThreshold" classname="com.duplicatedetector.similarity.SimilarityDetectorTest" time="0.002">
    <system-out><![CDATA[13:56:16.933 [main] INFO  c.d.similarity.SimilarityDetector - Finding similar methods with threshold: 0.95
13:56:16.933 [main] INFO  c.d.similarity.SimilarityDetector - Analyzing 2 methods (filtered from 2 total)
13:56:16.934 [main] INFO  c.d.similarity.SimilarityDetector - Found 0 duplicate groups
]]></system-out>
  </testcase>
  <testcase name="testFindSimilarMethodsWithExactDuplicates" classname="com.duplicatedetector.similarity.SimilarityDetectorTest" time="0.002">
    <system-out><![CDATA[13:56:16.934 [main] INFO  c.d.similarity.SimilarityDetector - Finding similar methods with threshold: 0.8
13:56:16.934 [main] INFO  c.d.similarity.SimilarityDetector - Analyzing 2 methods (filtered from 2 total)
13:56:16.935 [main] DEBUG c.d.similarity.SimilarityDetector - Found similar methods: method1 and method2 (similarity: 0.9400000000000001)
13:56:16.936 [main] INFO  c.d.similarity.SimilarityDetector - Created duplicate group with 2 methods (similarity: 0.9400000000000001)
13:56:16.936 [main] INFO  c.d.similarity.SimilarityDetector - Found 1 duplicate groups
]]></system-out>
  </testcase>
  <testcase name="testFindSimilarMethodsWithShortMethods" classname="com.duplicatedetector.similarity.SimilarityDetectorTest" time="0.001">
    <system-out><![CDATA[13:56:16.937 [main] INFO  c.d.similarity.SimilarityDetector - Finding similar methods with threshold: 0.7
13:56:16.937 [main] INFO  c.d.similarity.SimilarityDetector - Analyzing 0 methods (filtered from 2 total)
13:56:16.937 [main] INFO  c.d.similarity.SimilarityDetector - Found 0 duplicate groups
]]></system-out>
  </testcase>
  <testcase name="testFindSimilarMethodsWithSimilarLogic" classname="com.duplicatedetector.similarity.SimilarityDetectorTest" time="0.003">
    <system-out><![CDATA[13:56:16.938 [main] INFO  c.d.similarity.SimilarityDetector - Finding similar methods with threshold: 0.7
13:56:16.938 [main] INFO  c.d.similarity.SimilarityDetector - Analyzing 2 methods (filtered from 2 total)
13:56:16.938 [main] DEBUG c.d.similarity.SimilarityDetector - Found similar methods: method1 and method2 (similarity: 0.9351923076923078)
13:56:16.939 [main] INFO  c.d.similarity.SimilarityDetector - Created duplicate group with 2 methods (similarity: 0.9351923076923078)
13:56:16.939 [main] INFO  c.d.similarity.SimilarityDetector - Found 1 duplicate groups
]]></system-out>
  </testcase>
  <testcase name="testFindSimilarMethodsWithMultipleGroups" classname="com.duplicatedetector.similarity.SimilarityDetectorTest" time="0.003">
    <system-out><![CDATA[13:56:16.940 [main] INFO  c.d.similarity.SimilarityDetector - Finding similar methods with threshold: 0.7
13:56:16.940 [main] INFO  c.d.similarity.SimilarityDetector - Analyzing 4 methods (filtered from 4 total)
13:56:16.941 [main] DEBUG c.d.similarity.SimilarityDetector - Found similar methods: method1 and method2 (similarity: 0.9351923076923078)
13:56:16.942 [main] INFO  c.d.similarity.SimilarityDetector - Created duplicate group with 2 methods (similarity: 0.9351923076923078)
13:56:16.942 [main] DEBUG c.d.similarity.SimilarityDetector - Found similar methods: method3 and method4 (similarity: 0.8298550724637682)
13:56:16.942 [main] INFO  c.d.similarity.SimilarityDetector - Created duplicate group with 2 methods (similarity: 0.8298550724637682)
13:56:16.942 [main] INFO  c.d.similarity.SimilarityDetector - Found 2 duplicate groups
]]></system-out>
  </testcase>
  <testcase name="testFindSimilarMethodsWithDifferentLogic" classname="com.duplicatedetector.similarity.SimilarityDetectorTest" time="0.001">
    <system-out><![CDATA[13:56:16.943 [main] INFO  c.d.similarity.SimilarityDetector - Finding similar methods with threshold: 0.8
13:56:16.943 [main] INFO  c.d.similarity.SimilarityDetector - Analyzing 2 methods (filtered from 2 total)
13:56:16.944 [main] INFO  c.d.similarity.SimilarityDetector - Found 0 duplicate groups
]]></system-out>
  </testcase>
  <testcase name="testFindSimilarMethodsWithDefaultThreshold" classname="com.duplicatedetector.similarity.SimilarityDetectorTest" time="0.001">
    <system-out><![CDATA[13:56:16.944 [main] INFO  c.d.similarity.SimilarityDetector - Finding similar methods with threshold: 0.7
13:56:16.944 [main] INFO  c.d.similarity.SimilarityDetector - Analyzing 2 methods (filtered from 2 total)
13:56:16.945 [main] DEBUG c.d.similarity.SimilarityDetector - Found similar methods: method1 and method2 (similarity: 0.9351923076923078)
13:56:16.945 [main] INFO  c.d.similarity.SimilarityDetector - Created duplicate group with 2 methods (similarity: 0.9351923076923078)
13:56:16.945 [main] INFO  c.d.similarity.SimilarityDetector - Found 1 duplicate groups
]]></system-out>
  </testcase>
</testsuite>